2024-06-10 12:05:29,554 [1] INFO Program.<Main>$[9] - Application started.
2024-06-10 12:06:33,880 [7] INFO Order_management.Controllers.OrderController.MoveNext[31] - Retrieved items
2024-06-10 12:07:47,170 [9] INFO Order_management.Controllers.OrderController.MoveNext[55] - Item added
2024-06-12 11:59:03,737 [1] INFO Program.<Main>$[9] - Application started.
2024-06-12 12:03:39,530 [1] INFO Program.<Main>$[9] - Application started.
2024-06-12 14:53:27,676 [1] INFO Program.<Main>$[9] - Application started.
2024-06-12 14:58:14,431 [1] INFO Program.<Main>$[9] - Application started.
2024-06-12 15:25:17,144 [1] INFO Program.<Main>$[9] - Application started.
2024-06-13 11:48:34,639 [1] INFO Program.<Main>$[9] - Application started.
2024-06-13 15:15:49,071 [1] INFO Program.<Main>$[9] - Application started.
2024-06-13 15:22:29,385 [22] DEBUG Order_management.Service.AuthService.MoveNext[79] - Password reset for user Gigi
2024-06-13 15:27:40,506 [27] DEBUG Order_management.Service.AuthService.MoveNext[61] - Login failed for user maria!
2024-06-13 15:34:30,643 [27] DEBUG Order_management.Service.Order.MoveNext[40] - No such item id found!
2024-06-13 15:38:04,384 [27] DEBUG Order_management.Service.Order.MoveNext[40] - No such item id found!
2024-06-13 15:38:30,404 [3] DEBUG Order_management.Service.AuthService.MoveNext[61] - Login failed for user maria!
2024-06-13 15:49:06,555 [7] INFO Order_management.Service.AuthService.MoveNext[0] - User maria logged in
2024-06-13 15:49:14,563 [7] DEBUG Order_management.Service.AuthService.MoveNext[0] - Login failed. Username or password is invalid.
2024-06-13 15:56:29,011 [10] INFO Order_management.Service.Order.GetItems[0] - Retrieved items
2024-06-13 17:02:26,163 [1] INFO Program.<Main>$[9] - Application started.
2024-06-13 17:02:58,904 [7] DEBUG Order_management.Service.Order.MoveNext[37] - Item cannot be retrieved.
2024-06-13 17:03:29,614 [19] DEBUG Order_management.Service.AuthService.MoveNext[61] - Login failed! Username or password is invalid.
2024-06-13 17:03:49,191 [18] INFO Order_management.Service.Order.GetItems[29] - Retrieved all items.
2024-06-13 17:09:02,106 [1] INFO Program.<Main>$[9] - Application started.
2024-06-13 17:43:37,357 [37] DEBUG Order_management.Service.AuthService.MoveNext[0] - No users found to retrieve.
2024-06-13 17:44:07,640 [37] DEBUG Order_management.Service.AuthService.MoveNext[0] - No users found to retrieve.
2024-06-13 17:48:10,995 [28] DEBUG Order_management.Service.AuthService.MoveNext[0] - No users found to retrieve.
2024-06-13 17:48:17,192 [26] INFO Order_management.Service.Order.MoveNext[0] - Retrieved all items.
2024-06-13 17:50:04,719 [25] INFO Order_management.Service.AuthService.MoveNext[0] - New user with user maria added.
2024-06-13 18:22:53,784 [24] INFO Order_management.Service.AuthService.MoveNext[0] - New user with user gigi added.
2024-06-13 18:26:52,353 [10] DEBUG Order_management.Service.AuthService.MoveNext[0] - Unable to authenticate user for resetting password.
2024-06-13 18:27:15,387 [35] DEBUG Order_management.Service.AuthService.MoveNext[0] - Password reset for user Gigi.
2024-06-13 18:27:27,490 [35] DEBUG Order_management.Service.AuthService.MoveNext[0] - Unable to authenticate user for resetting password.
2024-06-13 18:27:34,673 [9] DEBUG Order_management.Service.AuthService.MoveNext[0] - Password reset for user Gigi.
2024-06-13 18:27:59,176 [10] DEBUG Order_management.Service.AuthService.MoveNext[0] - Login failed! Username or password is invalid.
2024-06-13 18:28:13,562 [10] INFO Order_management.Service.AuthService.MoveNext[0] - User Gigi logged in.
2024-06-13 18:28:20,643 [35] INFO Order_management.Service.Order.MoveNext[0] - Retrieved all items.
2024-06-13 18:28:31,361 [35] INFO Order_management.Service.Order.MoveNext[0] - Retrieved item with ID 2.
2024-06-13 18:31:11,198 [10] INFO Order_management.Service.Order.MoveNext[0] - Retrieved item with ID 2.
2024-06-13 18:31:19,292 [44] INFO Order_management.Service.Order.MoveNext[0] - Retrieved item with ID 1.
2024-06-13 18:31:26,211 [10] DEBUG Order_management.Service.Order.MoveNext[0] - Item cannot be retrieved.
2024-06-13 18:32:34,550 [46] DEBUG Order_management.Service.Order.MoveNext[0] - Item cannot be retrieved.
2024-06-13 18:48:25,515 [1] INFO Program.<Main>$[9] - Application started.
2024-06-13 18:49:05,469 [7] DEBUG Order_management.Service.Order.MoveNext[38] - Item cannot be retrieved.
2024-06-13 18:50:07,886 [5] DEBUG Order_management.Service.AuthService.MoveNext[62] - Login failed! Username or password is invalid.
2024-06-13 19:01:39,582 [1] INFO Program.<Main>$[9] - Application started.
2024-06-13 19:02:14,779 [7] DEBUG Order_management.Service.AuthService.MoveNext[62] - Login failed! Username or password is invalid.
