2024-07-18 18:32:34,652 [1] INFO Program.<Main>$[13] - Application started.
2024-07-18 18:33:16,047 [13] INFO UserService.Services.AuthService.MoveNext[80] - User Gigi logged in.
2024-07-18 18:46:18,281 [1] INFO Program.<Main>$[13] - Application started.
2024-07-18 18:47:29,840 [9] INFO UserService.Services.AuthService.MoveNext[80] - User Gigi logged in.
2024-07-19 13:23:29,224 [1] INFO Program.<Main>$[13] - Application started.
2024-07-19 13:26:59,105 [12] INFO UserService.Services.AuthService.MoveNext[80] - User Gigi logged in.
2024-07-19 13:56:13,336 [26] INFO UserService.Services.AuthService.MoveNext[80] - User Gigi logged in.
2024-08-01 17:40:12,189 [1] INFO Program.<Main>$[13] - Application started.
2024-08-01 17:45:23,686 [1] INFO Program.<Main>$[13] - Application started.
2024-08-01 17:45:56,336 [1] INFO Program.<Main>$[13] - Application started.
2024-08-01 17:49:17,365 [9] DEBUG UserService.Services.AuthService.MoveNext[77] - Login failed! Username or password is invalid.
2024-08-01 17:50:35,558 [19] DEBUG UserService.Services.AuthService.MoveNext[120] - Unable to authenticate user for resetting password.
2024-08-01 17:58:37,289 [1] INFO Program.<Main>$[13] - Application started.
2024-08-01 18:01:10,012 [3] DEBUG UserService.Services.AuthService.MoveNext[77] - Login failed! Username or password is invalid.
2024-08-01 18:01:10,012 [13] DEBUG UserService.Services.AuthService.MoveNext[77] - Login failed! Username or password is invalid.
2024-08-01 18:01:26,409 [13] INFO UserService.Services.AuthService.MoveNext[80] - User Gigi logged in.
2024-08-01 18:01:26,447 [17] INFO UserService.Services.AuthService.MoveNext[80] - User Gigi logged in.
2024-08-01 18:08:12,152 [27] INFO UserService.Services.AuthService.MoveNext[0] - User Gigi logged in.
2024-08-01 18:18:08,014 [18] INFO UserService.Services.AuthService.MoveNext[0] - User Gigi logged in.
2024-08-01 18:18:08,070 [13] INFO UserService.Services.AuthService.MoveNext[0] - User Gigi logged in.
2024-08-02 10:02:59,737 [1] INFO Program.<Main>$[13] - Application started.
2024-08-02 10:05:30,370 [1] INFO Program.<Main>$[13] - Application started.
2024-08-02 10:07:02,034 [10] INFO UserService.Services.AuthService.MoveNext[80] - User Gigi logged in.
2024-08-02 10:07:02,034 [7] INFO UserService.Services.AuthService.MoveNext[80] - User Gigi logged in.
2024-08-02 10:07:02,034 [13] INFO UserService.Services.AuthService.MoveNext[80] - User Gigi logged in.
2024-08-02 11:23:16,296 [27] DEBUG UserService.Services.AuthService.MoveNext[121] - Unable to authenticate user for resetting password.
2024-08-02 11:27:37,055 [27] INFO UserService.Services.AuthService.MoveNext[80] - User Gigi logged in.
2024-08-02 11:27:37,055 [31] INFO UserService.Services.AuthService.MoveNext[80] - User Gigi logged in.
2024-08-02 11:27:37,056 [32] INFO UserService.Services.AuthService.MoveNext[80] - User Gigi logged in.
2024-08-05 12:23:25,517 [4] INFO Program.<Main>$[13] - Application started.
2024-08-05 12:23:53,183 [4] INFO Program.<Main>$[13] - Application started.
2024-08-05 12:24:18,089 [4] INFO Program.<Main>$[13] - Application started.
2024-08-05 15:14:02,778 [1] INFO Program.<Main>$[13] - Application started.
2024-08-05 15:17:46,114 [1] INFO Program.<Main>$[13] - Application started.
2024-08-05 15:23:13,931 [1] INFO Program.<Main>$[13] - Application started.
2024-08-05 15:26:16,226 [20] INFO UserService.Services.AuthService.MoveNext[62] - New user with user Maria added.
2024-08-05 15:26:16,226 [3] INFO UserService.Services.AuthService.MoveNext[62] - New user with user Maria added.
2024-08-05 15:26:16,226 [19] INFO UserService.Services.AuthService.MoveNext[62] - New user with user Maria added.
2024-08-05 15:27:15,922 [11] INFO UserService.Services.AuthService.MoveNext[81] - User Maria logged in.
2024-08-05 15:27:48,828 [23] INFO UserService.Services.AuthService.MoveNext[81] - User Gigi logged in.
2024-08-05 15:27:59,785 [24] INFO UserService.Services.AuthService.MoveNext[81] - User Maria logged in.
2024-08-06 14:51:39,129 [1] INFO Program.<Main>$[13] - Application started.
2024-08-06 15:36:03,788 [10] DEBUG UserService.Services.AuthService.MoveNext[78] - Login failed! Username or password is invalid.
2024-08-06 15:36:03,788 [9] DEBUG UserService.Services.AuthService.MoveNext[78] - Login failed! Username or password is invalid.
2024-08-06 15:37:09,123 [20] INFO UserService.Services.AuthService.MoveNext[81] - User Gigi logged in.
2024-08-06 15:51:38,147 [3] INFO UserService.Services.AuthService.MoveNext[81] - User Gigi logged in.
2024-08-06 18:58:54,506 [1] INFO Program.<Main>$[13] - Application started.
2024-08-06 19:00:05,441 [14] INFO UserService.Services.AuthService.MoveNext[81] - User Maria logged in.
2024-08-06 19:01:31,476 [27] DEBUG UserService.Services.AuthService.MoveNext[78] - Login failed! Username or password is invalid.
2024-08-06 19:01:48,303 [24] INFO UserService.Services.AuthService.MoveNext[81] - User Gigi logged in.
2024-08-07 15:26:07,925 [1] INFO Program.<Main>$[13] - Application started.
2024-08-07 15:27:57,012 [15] INFO UserService.Services.AuthService.MoveNext[81] - User Gigi logged in.
2024-08-07 15:28:42,203 [10] INFO UserService.Services.AuthService.MoveNext[81] - User Maria logged in.
2024-08-07 16:59:27,050 [4] INFO Program.<Main>$[13] - Application started.
2024-08-07 17:08:32,535 [4] INFO Program.<Main>$[13] - Application started.
2024-08-07 17:13:37,273 [4] INFO Program.<Main>$[13] - Application started.
2024-08-07 17:14:28,395 [4] INFO Program.<Main>$[13] - Application started.
2024-08-07 17:15:29,809 [4] INFO Program.<Main>$[13] - Application started.
2024-08-07 17:17:45,059 [1] INFO Program.<Main>$[13] - Application started.
2024-08-07 17:19:52,702 [9] INFO UserService.Services.AuthService.MoveNext[81] - User Gigi logged in.
2024-08-07 18:16:38,474 [1] INFO Program.<Main>$[13] - Application started.
2024-08-07 18:17:43,082 [9] DEBUG UserService.Services.AuthService.MoveNext[78] - Login failed! Username or password is invalid.
2024-08-07 18:17:59,603 [9] INFO UserService.Services.AuthService.MoveNext[81] - User Gigi logged in.
2024-08-07 18:19:52,067 [3] INFO UserService.Services.AuthService.MoveNext[0] - User Gigi logged in.
2024-08-07 18:21:18,833 [22] INFO UserService.Services.AuthService.MoveNext[0] - User Gigi logged in.
2024-08-07 18:22:23,970 [1] INFO Program.<Main>$[13] - Application started.
2024-08-07 18:22:50,312 [10] INFO UserService.Services.AuthService.MoveNext[81] - User Gigi logged in.
2024-08-07 18:23:28,411 [7] DEBUG UserService.Services.AuthService.MoveNext[56] - Item cannot be retrieved to delete.
2024-08-07 18:24:15,877 [19] DEBUG UserService.Services.AuthService.MoveNext[56] - Item cannot be retrieved to delete.
2024-08-07 18:25:54,513 [7] DEBUG UserService.Services.AuthService.MoveNext[56] - Item cannot be retrieved to delete.
2024-08-07 18:26:00,347 [22] DEBUG UserService.Services.AuthService.MoveNext[56] - Item cannot be retrieved to delete.
2024-08-07 18:29:53,354 [22] INFO UserService.Services.AuthService.MoveNext[0] - User Gigi logged in.
2024-08-07 18:30:23,162 [7] DEBUG UserService.Services.AuthService.MoveNext[0] - User cannot be deleted as role is Admin.
2024-08-07 18:30:29,997 [26] INFO UserService.Services.AuthService.MoveNext[0] - User with username UserService.Models.User deleted.
2024-08-07 18:31:52,392 [25] INFO UserService.Services.AuthService.MoveNext[0] - New user with user Yadu added.
2024-08-07 18:35:29,031 [1] INFO Program.<Main>$[13] - Application started.
2024-08-07 18:36:09,265 [5] INFO UserService.Services.AuthService.MoveNext[81] - User Gigi logged in.
2024-08-07 18:48:37,733 [1] INFO Program.<Main>$[13] - Application started.
2024-08-07 18:49:10,983 [5] INFO UserService.Services.AuthService.MoveNext[81] - User Gigi logged in.
2024-08-07 19:04:06,964 [1] INFO Program.<Main>$[13] - Application started.
2024-08-07 19:04:56,794 [6] INFO UserService.Services.AuthService.MoveNext[81] - User Gigi logged in.
2024-08-07 19:05:48,382 [1] INFO Program.<Main>$[13] - Application started.
2024-08-07 19:06:13,294 [5] INFO UserService.Services.AuthService.MoveNext[81] - User Gigi logged in.
2024-08-08 10:42:51,879 [4] INFO Program.<Main>$[13] - Application started.
2024-08-08 10:44:58,379 [4] INFO Program.<Main>$[13] - Application started.
2024-08-08 11:00:04,805 [4] INFO Program.<Main>$[13] - Application started.
2024-08-08 11:00:19,790 [4] INFO Program.<Main>$[13] - Application started.
2024-08-08 11:05:54,182 [1] INFO Program.<Main>$[13] - Application started.
2024-08-08 11:17:37,789 [19] INFO UserService.Services.AuthService.MoveNext[66] - New user with user Ajoe added.
2024-08-08 11:28:31,694 [16] INFO UserService.Services.AuthService.MoveNext[66] - New user with user Sreeranj added.
2024-08-08 11:28:31,716 [16] INFO UserService.Services.AuthService.MoveNext[66] - New user with user Sreeranj added.
2024-08-08 11:30:02,454 [5] DEBUG UserService.Services.AuthService.MoveNext[48] - Registration failed! User Sreeranj already exists.
2024-08-08 11:36:25,138 [16] INFO UserService.Services.AuthService.MoveNext[0] - New user with user Merin added.
2024-08-08 16:48:18,161 [1] INFO Program.<Main>$[13] - Application started.
2024-08-08 16:51:23,120 [19] INFO UserService.Services.AuthService.MoveNext[83] - User Gigi logged in.
2024-08-08 16:51:23,381 [13] INFO UserService.Services.AuthService.MoveNext[83] - User Gigi logged in.
2024-08-08 16:51:23,325 [7] INFO UserService.Services.AuthService.MoveNext[83] - User Gigi logged in.
2024-08-08 16:51:23,411 [14] INFO UserService.Services.AuthService.MoveNext[83] - User Gigi logged in.
2024-08-08 17:15:03,675 [85] INFO UserService.Services.AuthService.MoveNext[83] - User Gigi logged in.
2024-08-08 17:16:56,288 [86] INFO UserService.Services.AuthService.MoveNext[83] - User Gigi logged in.
2024-08-08 17:25:00,564 [1] INFO Program.<Main>$[13] - Application started.
2024-08-09 10:03:29,420 [1] INFO Program.<Main>$[13] - Application started.
2024-08-09 10:05:30,625 [14] INFO UserService.Services.AuthService.MoveNext[83] - User Gigi logged in.
2024-08-09 10:08:55,150 [22] INFO UserService.Services.AuthService.MoveNext[83] - User Gigi logged in.
2024-08-09 10:12:31,816 [31] INFO UserService.Services.AuthService.MoveNext[83] - User Gigi logged in.
2024-08-09 10:12:31,833 [31] INFO UserService.Services.AuthService.MoveNext[83] - User Gigi logged in.
2024-08-09 10:15:20,502 [23] INFO UserService.Services.AuthService.MoveNext[83] - User Gigi logged in.
2024-08-09 10:33:11,051 [80] INFO UserService.Services.AuthService.MoveNext[83] - User Gigi logged in.
2024-08-09 10:34:20,305 [75] DEBUG UserService.Services.AuthService.MoveNext[80] - Login failed! Username or password is invalid.
2024-08-09 10:34:32,397 [86] INFO UserService.Services.AuthService.MoveNext[83] - User Ajoe logged in.
2024-08-09 11:14:41,446 [78] INFO UserService.Services.AuthService.MoveNext[83] - User Gigi logged in.
2024-08-09 11:14:41,570 [27] INFO UserService.Services.AuthService.MoveNext[83] - User Gigi logged in.
2024-08-09 12:45:08,138 [38] INFO UserService.Services.AuthService.MoveNext[83] - User Gigi logged in.
2024-08-09 12:45:08,138 [56] INFO UserService.Services.AuthService.MoveNext[83] - User Gigi logged in.
2024-08-09 12:47:22,748 [14] INFO UserService.Services.AuthService.MoveNext[83] - User Gigi logged in.
2024-08-09 13:10:18,304 [40] DEBUG UserService.Services.AuthService.MoveNext[80] - Login failed! Username or password is invalid.
2024-08-09 13:10:18,305 [58] DEBUG UserService.Services.AuthService.MoveNext[80] - Login failed! Username or password is invalid.
2024-08-09 13:38:54,569 [38] INFO UserService.Services.AuthService.MoveNext[83] - User Gigi logged in.
2024-08-09 13:38:54,597 [34] INFO UserService.Services.AuthService.MoveNext[83] - User Gigi logged in.
2024-08-09 13:38:54,618 [7] INFO UserService.Services.AuthService.MoveNext[83] - User Gigi logged in.
2024-08-09 13:50:41,946 [46] INFO UserService.Services.AuthService.MoveNext[83] - User Gigi logged in.
2024-08-09 13:56:07,061 [41] INFO UserService.Services.AuthService.MoveNext[83] - User Gigi logged in.
2024-08-09 13:56:07,066 [55] INFO UserService.Services.AuthService.MoveNext[83] - User Gigi logged in.
2024-08-09 13:59:07,976 [14] INFO UserService.Services.AuthService.MoveNext[83] - User Gigi logged in.
2024-08-09 13:59:07,980 [38] INFO UserService.Services.AuthService.MoveNext[83] - User Gigi logged in.
2024-08-09 14:00:01,748 [34] INFO UserService.Services.AuthService.MoveNext[83] - User Gigi logged in.
2024-08-09 14:00:01,778 [7] INFO UserService.Services.AuthService.MoveNext[83] - User Gigi logged in.
2024-08-09 14:02:27,282 [54] INFO UserService.Services.AuthService.MoveNext[83] - User Gigi logged in.
2024-08-09 14:02:27,282 [48] INFO UserService.Services.AuthService.MoveNext[83] - User Gigi logged in.
2024-08-09 16:03:33,636 [1] INFO Program.<Main>$[13] - Application started.
2024-08-09 16:05:09,828 [14] INFO UserService.Services.AuthService.MoveNext[83] - User Gigi logged in.
2024-08-09 16:17:30,543 [20] INFO UserService.Services.AuthService.MoveNext[83] - User Gigi logged in.
2024-08-09 16:20:32,374 [14] INFO UserService.Services.AuthService.MoveNext[83] - User Gigi logged in.
2024-08-09 17:12:46,678 [28] INFO UserService.Services.AuthService.MoveNext[83] - User Gigi logged in.
2024-08-09 17:12:46,781 [26] INFO UserService.Services.AuthService.MoveNext[83] - User Gigi logged in.
2024-08-09 17:16:58,600 [23] INFO UserService.Services.AuthService.MoveNext[83] - User Gigi logged in.
2024-08-12 11:57:11,279 [1] INFO Program.<Main>$[13] - Application started.
2024-08-12 11:59:15,259 [7] INFO UserService.Services.AuthService.MoveNext[83] - User Gigi logged in.
2024-08-12 11:59:40,949 [7] INFO UserService.Services.AuthService.MoveNext[83] - User Gigi logged in.
2024-08-12 12:14:55,065 [49] INFO UserService.Services.AuthService.MoveNext[83] - User Gigi logged in.
2024-08-12 12:19:16,847 [42] INFO UserService.Services.AuthService.MoveNext[83] - User Gigi logged in.
2024-08-12 12:21:12,442 [42] INFO UserService.Services.AuthService.MoveNext[83] - User Gigi logged in.
2024-08-12 12:21:36,063 [42] INFO UserService.Services.AuthService.MoveNext[83] - User Ajoe logged in.
2024-08-12 12:23:14,046 [44] INFO UserService.Services.AuthService.MoveNext[83] - User Ajoe logged in.
2024-08-12 12:23:45,390 [35] INFO UserService.Services.AuthService.MoveNext[83] - User Ajoe logged in.
2024-08-12 12:23:45,443 [40] INFO UserService.Services.AuthService.MoveNext[83] - User Ajoe logged in.
2024-08-12 12:26:00,523 [42] INFO UserService.Services.AuthService.MoveNext[83] - User Ajoe logged in.
2024-08-12 12:29:46,315 [43] INFO UserService.Services.AuthService.MoveNext[83] - User Ajoe logged in.
2024-08-12 12:39:35,881 [42] INFO UserService.Services.AuthService.MoveNext[83] - User Gigi logged in.
2024-08-12 12:40:23,585 [40] INFO UserService.Services.AuthService.MoveNext[83] - User Ajoe logged in.
2024-08-12 12:43:01,095 [16] INFO UserService.Services.AuthService.MoveNext[83] - User Gigi logged in.
2024-08-12 12:44:31,984 [42] INFO UserService.Services.AuthService.MoveNext[83] - User Gigi logged in.
2024-08-12 15:19:13,113 [4] INFO Program.<Main>$[13] - Application started.
2024-08-12 15:27:22,967 [4] INFO Program.<Main>$[13] - Application started.
2024-08-12 15:32:13,501 [1] INFO Program.<Main>$[13] - Application started.
2024-08-12 15:32:57,363 [5] INFO UserService.Services.AuthService.MoveNext[83] - User Gigi logged in.
2024-08-12 15:33:44,780 [5] INFO UserService.Services.AuthService.MoveNext[69] - User with username UserService.Models.User deleted.
2024-08-12 15:46:36,316 [1] INFO Program.<Main>$[13] - Application started.
2024-08-12 15:48:03,494 [16] INFO UserService.Services.AuthService.MoveNext[83] - User Gigi logged in.
2024-08-12 15:48:03,494 [5] INFO UserService.Services.AuthService.MoveNext[83] - User Gigi logged in.
2024-08-12 17:20:47,767 [50] INFO UserService.Services.AuthService.MoveNext[83] - User Gigi logged in.
2024-08-12 17:20:47,767 [166] INFO UserService.Services.AuthService.MoveNext[83] - User Gigi logged in.
2024-08-12 17:25:50,746 [42] INFO UserService.Services.AuthService.MoveNext[83] - User Gigi logged in.
2024-08-12 17:28:07,299 [54] INFO UserService.Services.AuthService.MoveNext[83] - User Gigi logged in.
2024-08-12 17:37:48,729 [72] INFO UserService.Services.AuthService.MoveNext[83] - User Gigi logged in.
2024-08-12 17:39:12,509 [67] INFO UserService.Services.AuthService.MoveNext[83] - User Gigi logged in.
2024-08-12 17:40:57,130 [64] INFO UserService.Services.AuthService.MoveNext[83] - User Gigi logged in.
2024-08-12 17:42:21,611 [64] INFO UserService.Services.AuthService.MoveNext[83] - User Ajoe logged in.
