2024-07-18 18:32:34,652 [1] INFO Program.<Main>$[13] - Application started.
2024-07-18 18:33:48,408 [7] INFO OrderService.Services.Order.MoveNext[44] - Retrieved all items.
2024-07-18 18:46:18,281 [1] INFO Program.<Main>$[13] - Application started.
2024-07-18 18:47:51,100 [7] INFO OrderService.Services.Order.MoveNext[48] - Retrieved all items.
2024-07-18 18:48:36,977 [10] DEBUG OrderService.Services.Order.MoveNext[216] - CSV contains empty or null fields at row 2
2024-07-18 18:48:37,088 [10] DEBUG OrderService.Services.Order.MoveNext[216] - CSV contains empty or null fields at row 3
2024-07-18 18:48:37,698 [10] INFO OrderService.Services.Order.MoveNext[266] - Items added from bulk1.csv and added to DB successfully, but some cells are empty or null
2024-07-18 18:48:46,439 [13] INFO OrderService.Services.Order.MoveNext[48] - Retrieved all items.
2024-07-19 13:23:29,224 [1] INFO Program.<Main>$[13] - Application started.
2024-07-19 13:27:45,557 [5] INFO OrderService.Services.Order.MoveNext[104] - Item with ID 4 added.
2024-07-19 13:27:53,403 [11] INFO OrderService.Services.Order.MoveNext[48] - Retrieved all items.
2024-07-19 13:56:42,588 [32] INFO OrderService.Services.Order.MoveNext[48] - Retrieved all items.
2024-08-01 17:40:12,189 [1] INFO Program.<Main>$[13] - Application started.
2024-08-01 17:45:23,478 [1] INFO Program.<Main>$[13] - Application started.
2024-08-01 17:45:55,868 [1] INFO Program.<Main>$[13] - Application started.
2024-08-01 17:58:37,338 [1] INFO Program.<Main>$[13] - Application started.
2024-08-01 18:15:34,323 [10] INFO OrderService.Services.Order.MoveNext[48] - Retrieved all items.
2024-08-01 18:15:34,515 [14] INFO OrderService.Services.Order.MoveNext[48] - Retrieved all items.
2024-08-01 18:15:34,764 [3] INFO OrderService.Services.Order.MoveNext[48] - Retrieved all items.
2024-08-01 18:15:37,506 [10] INFO OrderService.Services.Order.MoveNext[48] - Retrieved all items.
2024-08-01 18:15:37,633 [10] INFO OrderService.Services.Order.MoveNext[70] - Retrieved all paginated items.
2024-08-01 18:15:39,369 [5] INFO OrderService.Services.Order.MoveNext[48] - Retrieved all items.
2024-08-01 18:19:44,436 [21] DEBUG OrderService.Services.Order.MoveNext[211] - CSV contains empty or null fields at row 2
2024-08-01 18:19:45,206 [21] INFO OrderService.Services.Order.MoveNext[261] - Items added from file and added to DB successfully, but some cells are empty or null
2024-08-01 18:19:47,543 [16] INFO OrderService.Services.Order.MoveNext[48] - Retrieved all items.
2024-08-01 18:19:56,756 [16] INFO OrderService.Services.Order.MoveNext[91] - Retrieved item with ID 2.
2024-08-01 18:20:01,895 [21] INFO OrderService.Services.Order.MoveNext[48] - Retrieved all items.
2024-08-01 18:20:02,030 [16] INFO OrderService.Services.Order.MoveNext[70] - Retrieved all paginated items.
2024-08-01 18:20:08,483 [14] INFO OrderService.Services.Order.MoveNext[149] - Item with ID 6 deleted.
2024-08-01 18:20:11,833 [22] INFO OrderService.Services.Order.MoveNext[48] - Retrieved all items.
2024-08-01 18:20:18,838 [14] INFO OrderService.Services.Order.MoveNext[48] - Retrieved all items.
2024-08-01 18:20:34,148 [14] INFO OrderService.Services.Order.MoveNext[48] - Retrieved all items.
2024-08-01 18:20:34,905 [20] INFO OrderService.Services.Order.MoveNext[48] - Retrieved all items.
2024-08-01 18:20:35,091 [16] INFO OrderService.Services.Order.MoveNext[48] - Retrieved all items.
2024-08-01 18:20:50,892 [16] INFO OrderService.Services.Order.MoveNext[129] - Item with ID 5 updated.
2024-08-01 18:20:52,703 [16] INFO OrderService.Services.Order.MoveNext[48] - Retrieved all items.
2024-08-01 18:21:08,482 [14] INFO OrderService.Services.Order.MoveNext[48] - Retrieved all items.
2024-08-01 18:21:22,387 [21] INFO OrderService.Services.Order.MoveNext[104] - Item with ID 7 added.
2024-08-01 18:21:24,949 [16] INFO OrderService.Services.Order.MoveNext[48] - Retrieved all items.
2024-08-02 10:02:59,738 [1] INFO Program.<Main>$[13] - Application started.
2024-08-02 10:05:30,371 [1] INFO Program.<Main>$[13] - Application started.
2024-08-02 10:07:22,138 [10] INFO OrderService.Services.Order.MoveNext[48] - Retrieved all items.
2024-08-02 10:10:50,098 [17] INFO OrderService.Services.Order.MoveNext[48] - Retrieved all items.
2024-08-02 10:10:52,966 [17] INFO OrderService.Services.Order.MoveNext[48] - Retrieved all items.
2024-08-02 10:10:53,217 [22] INFO OrderService.Services.Order.MoveNext[70] - Retrieved all paginated items.
2024-08-02 10:10:54,782 [3] INFO OrderService.Services.Order.MoveNext[48] - Retrieved all items.
2024-08-02 10:13:26,468 [23] DEBUG OrderService.Services.Order.MoveNext[190] - CSV header 'item' does not match any property in the Item class.
2024-08-02 10:13:31,878 [27] DEBUG OrderService.Services.Order.MoveNext[211] - CSV contains empty or null fields at row 1
2024-08-02 10:13:32,377 [27] INFO OrderService.Services.Order.MoveNext[261] - Items added from file and added to DB successfully, but some cells are empty or null
2024-08-02 10:13:35,407 [23] INFO OrderService.Services.Order.MoveNext[48] - Retrieved all items.
2024-08-05 12:08:50,283 [4] INFO Program.<Main>$[13] - Application started.
2024-08-05 12:09:17,152 [4] INFO Program.<Main>$[13] - Application started.
2024-08-05 12:14:18,139 [4] INFO Program.<Main>$[13] - Application started.
2024-08-05 12:15:07,460 [4] INFO Program.<Main>$[13] - Application started.
2024-08-05 15:14:02,782 [1] INFO Program.<Main>$[13] - Application started.
2024-08-05 15:17:44,697 [1] INFO Program.<Main>$[13] - Application started.
2024-08-05 15:23:13,931 [1] INFO Program.<Main>$[13] - Application started.
2024-08-05 15:27:31,852 [22] INFO OrderService.Services.Order.MoveNext[48] - Retrieved all items.
2024-08-05 15:27:31,852 [20] INFO OrderService.Services.Order.MoveNext[70] - Retrieved all paginated items.
2024-08-05 15:27:32,125 [18] INFO OrderService.Services.Order.MoveNext[48] - Retrieved all items.
2024-08-05 15:27:33,537 [19] INFO OrderService.Services.Order.MoveNext[48] - Retrieved all items.
2024-08-05 15:27:33,576 [21] INFO OrderService.Services.Order.MoveNext[70] - Retrieved all paginated items.
2024-08-05 15:27:36,970 [23] INFO OrderService.Services.Order.MoveNext[48] - Retrieved all items.
2024-08-05 15:27:37,116 [22] INFO OrderService.Services.Order.MoveNext[48] - Retrieved all items.
2024-08-05 15:28:05,509 [20] INFO OrderService.Services.Order.MoveNext[48] - Retrieved all items.
2024-08-06 14:51:39,129 [1] INFO Program.<Main>$[13] - Application started.
2024-08-06 15:38:11,712 [16] DEBUG OrderService.Services.Order.MoveNext[190] - CSV header 'item' does not match any property in the Item class.
2024-08-06 15:39:09,247 [11] INFO OrderService.Services.Order.MoveNext[70] - Retrieved all paginated items.
2024-08-06 15:39:09,262 [17] INFO OrderService.Services.Order.MoveNext[48] - Retrieved all items.
2024-08-06 15:39:12,840 [18] INFO OrderService.Services.Order.MoveNext[48] - Retrieved all items.
2024-08-06 15:39:15,465 [17] INFO OrderService.Services.Order.MoveNext[48] - Retrieved all items.
2024-08-06 15:39:15,539 [18] INFO OrderService.Services.Order.MoveNext[70] - Retrieved all paginated items.
2024-08-06 15:39:32,300 [18] DEBUG OrderService.Services.Order.MoveNext[211] - CSV contains empty or null fields at row 2
2024-08-06 15:39:32,682 [17] INFO OrderService.Services.Order.MoveNext[261] - Items added from file and added to DB successfully, but some cells are empty or null
2024-08-06 15:40:02,545 [11] DEBUG OrderService.Services.Order.MoveNext[146] - Item cannot be retrieved to delete.
2024-08-06 15:58:49,425 [9] INFO OrderService.Services.Order.MoveNext[48] - Retrieved all items.
2024-08-06 15:58:49,451 [20] INFO OrderService.Services.Order.MoveNext[70] - Retrieved all paginated items.
2024-08-06 15:58:56,080 [20] INFO OrderService.Services.Order.MoveNext[91] - Retrieved item with ID 2.
2024-08-06 16:39:41,151 [36] INFO OrderService.Services.Order.MoveNext[48] - Retrieved all items.
2024-08-06 16:39:41,390 [36] INFO OrderService.Services.Order.MoveNext[48] - Retrieved all items.
2024-08-06 16:39:43,198 [36] INFO OrderService.Services.Order.MoveNext[48] - Retrieved all items.
2024-08-06 16:39:43,249 [36] INFO OrderService.Services.Order.MoveNext[70] - Retrieved all paginated items.
2024-08-06 18:58:54,508 [1] INFO Program.<Main>$[13] - Application started.
2024-08-06 19:01:01,916 [16] INFO OrderService.Services.Order.MoveNext[48] - Retrieved all items.
2024-08-06 19:01:56,633 [13] INFO OrderService.Services.Order.MoveNext[149] - Item with ID 3 deleted.
2024-08-06 19:02:08,351 [16] DEBUG OrderService.Services.Order.MoveNext[146] - Item cannot be retrieved to delete.
2024-08-06 19:02:08,720 [3] DEBUG OrderService.Services.Order.MoveNext[146] - Item cannot be retrieved to delete.
2024-08-07 15:26:07,927 [1] INFO Program.<Main>$[13] - Application started.
2024-08-07 17:17:35,447 [1] INFO Program.<Main>$[13] - Application started.
2024-08-07 18:35:29,620 [1] INFO Program.<Main>$[13] - Application started.
2024-08-07 18:36:25,740 [7] ERROR OrderService.Middleware.JwtMiddleware.MoveNext[53] - An error occurred when attaching user to context
System.Text.Json.JsonException: The input does not contain any JSON tokens. Expected the input to start with a valid JSON token, when isFinalBlock is true. Path: $ | LineNumber: 0 | BytePositionInLine: 0.
 ---> System.Text.Json.JsonReaderException: The input does not contain any JSON tokens. Expected the input to start with a valid JSON token, when isFinalBlock is true. LineNumber: 0 | BytePositionInLine: 0.
   at System.Text.Json.ThrowHelper.ThrowJsonReaderException(Utf8JsonReader& json, ExceptionResource resource, Byte nextByte, ReadOnlySpan`1 bytes)
   at System.Text.Json.Utf8JsonReader.Read()
   at System.Text.Json.Serialization.JsonConverter`1.ReadCore(Utf8JsonReader& reader, JsonSerializerOptions options, ReadStack& state)
   --- End of inner exception stack trace ---
   at System.Text.Json.ThrowHelper.ReThrowWithPath(ReadStack& state, JsonReaderException ex)
   at System.Text.Json.Serialization.JsonConverter`1.ReadCore(Utf8JsonReader& reader, JsonSerializerOptions options, ReadStack& state)
   at System.Text.Json.Serialization.Metadata.JsonTypeInfo`1.Deserialize(Utf8JsonReader& reader, ReadStack& state)
   at System.Text.Json.JsonSerializer.ReadFromSpan[TValue](ReadOnlySpan`1 utf8Json, JsonTypeInfo`1 jsonTypeInfo, Nullable`1 actualByteCount)
   at System.Text.Json.JsonSerializer.ReadFromSpan[TValue](ReadOnlySpan`1 json, JsonTypeInfo`1 jsonTypeInfo)
   at System.Text.Json.JsonSerializer.Deserialize[TValue](String json, JsonSerializerOptions options)
   at OrderService.Middleware.JwtMiddleware.GetUserByIdAsync(Int32 userId) in C:\Users\P10\source\repos\C_sharp\OrderManagement_App_Roles\OrderService\Middleware\JwtMiddleware.cs:line 76
   at OrderService.Middleware.JwtMiddleware.attachUserToContext(HttpContext context, String token) in C:\Users\P10\source\repos\C_sharp\OrderManagement_App_Roles\OrderService\Middleware\JwtMiddleware.cs:line 53
2024-08-07 18:48:42,171 [1] INFO Program.<Main>$[13] - Application started.
2024-08-07 18:50:32,912 [20] DEBUG OrderService.Logging.DBLogService.CallStoredProcedure[44] - SQL exception while adding logs to database has occurred for User Id 
2024-08-07 18:50:32,916 [20] INFO OrderService.Services.Order.MoveNext[48] - Retrieved all items.
2024-08-07 19:04:07,103 [1] INFO Program.<Main>$[13] - Application started.
2024-08-07 19:05:48,353 [1] INFO Program.<Main>$[13] - Application started.
2024-08-07 19:06:40,264 [6] INFO OrderService.Services.Order.MoveNext[48] - Retrieved all items.
2024-08-08 11:05:54,182 [1] INFO Program.<Main>$[13] - Application started.
2024-08-08 16:48:18,161 [1] INFO Program.<Main>$[13] - Application started.
2024-08-08 17:25:00,549 [1] INFO Program.<Main>$[13] - Application started.
2024-08-09 10:03:29,420 [1] INFO Program.<Main>$[13] - Application started.
2024-08-09 16:03:33,636 [1] INFO Program.<Main>$[13] - Application started.
2024-08-09 16:21:06,624 [17] INFO OrderService.Services.Order.MoveNext[48] - Retrieved all items.
2024-08-09 16:21:08,073 [16] INFO OrderService.Services.Order.MoveNext[48] - Retrieved all items.
2024-08-09 16:21:08,393 [16] INFO OrderService.Services.Order.MoveNext[48] - Retrieved all items.
2024-08-09 16:21:08,565 [16] INFO OrderService.Services.Order.MoveNext[48] - Retrieved all items.
2024-08-09 16:21:16,685 [15] INFO OrderService.Services.Order.MoveNext[48] - Retrieved all items.
2024-08-12 11:57:11,278 [1] INFO Program.<Main>$[13] - Application started.
2024-08-12 15:32:13,503 [1] INFO Program.<Main>$[13] - Application started.
2024-08-12 15:46:36,314 [1] INFO Program.<Main>$[13] - Application started.
2024-08-12 15:47:54,859 [15] INFO OrderService.Services.Order.MoveNext[48] - Retrieved all items.
2024-08-12 15:48:08,482 [15] INFO OrderService.Services.Order.MoveNext[48] - Retrieved all items.
2024-08-12 17:42:31,411 [123] INFO OrderService.Services.Order.MoveNext[48] - Retrieved all items.
2024-08-12 17:42:32,257 [122] INFO OrderService.Services.Order.MoveNext[48] - Retrieved all items.
2024-08-12 17:42:32,309 [117] INFO OrderService.Services.Order.MoveNext[70] - Retrieved all paginated items.
2024-08-12 17:42:32,360 [122] INFO OrderService.Services.Order.MoveNext[48] - Retrieved all items.
2024-08-12 17:42:34,395 [123] INFO OrderService.Services.Order.MoveNext[48] - Retrieved all items.
2024-08-12 17:42:35,523 [119] INFO OrderService.Services.Order.MoveNext[48] - Retrieved all items.
2024-08-12 17:42:35,543 [122] INFO OrderService.Services.Order.MoveNext[70] - Retrieved all paginated items.
