2024-06-10 12:05:29,554 [1] INFO Program.<Main>$[9] - Application started.
2024-06-10 12:06:33,880 [7] INFO Order_management.Controllers.OrderController.MoveNext[31] - Retrieved items
2024-06-10 12:07:47,170 [9] INFO Order_management.Controllers.OrderController.MoveNext[55] - Item added
2024-06-12 11:59:03,737 [1] INFO Program.<Main>$[9] - Application started.
2024-06-12 12:03:39,530 [1] INFO Program.<Main>$[9] - Application started.
2024-06-12 14:53:27,676 [1] INFO Program.<Main>$[9] - Application started.
2024-06-12 14:58:14,431 [1] INFO Program.<Main>$[9] - Application started.
2024-06-12 15:25:17,144 [1] INFO Program.<Main>$[9] - Application started.
2024-06-13 11:48:34,639 [1] INFO Program.<Main>$[9] - Application started.
2024-06-13 15:15:49,071 [1] INFO Program.<Main>$[9] - Application started.
2024-06-13 15:22:29,385 [22] DEBUG Order_management.Service.AuthService.MoveNext[79] - Password reset for user Gigi
2024-06-13 15:27:40,506 [27] DEBUG Order_management.Service.AuthService.MoveNext[61] - Login failed for user maria!
2024-06-13 15:34:30,643 [27] DEBUG Order_management.Service.Order.MoveNext[40] - No such item id found!
2024-06-13 15:38:04,384 [27] DEBUG Order_management.Service.Order.MoveNext[40] - No such item id found!
2024-06-13 15:38:30,404 [3] DEBUG Order_management.Service.AuthService.MoveNext[61] - Login failed for user maria!
2024-06-13 15:49:06,555 [7] INFO Order_management.Service.AuthService.MoveNext[0] - User maria logged in
2024-06-13 15:49:14,563 [7] DEBUG Order_management.Service.AuthService.MoveNext[0] - Login failed. Username or password is invalid.
2024-06-13 15:56:29,011 [10] INFO Order_management.Service.Order.GetItems[0] - Retrieved items
2024-06-13 17:02:26,163 [1] INFO Program.<Main>$[9] - Application started.
2024-06-13 17:02:58,904 [7] DEBUG Order_management.Service.Order.MoveNext[37] - Item cannot be retrieved.
2024-06-13 17:03:29,614 [19] DEBUG Order_management.Service.AuthService.MoveNext[61] - Login failed! Username or password is invalid.
2024-06-13 17:03:49,191 [18] INFO Order_management.Service.Order.GetItems[29] - Retrieved all items.
2024-06-13 17:09:02,106 [1] INFO Program.<Main>$[9] - Application started.
2024-06-13 17:43:37,357 [37] DEBUG Order_management.Service.AuthService.MoveNext[0] - No users found to retrieve.
2024-06-13 17:44:07,640 [37] DEBUG Order_management.Service.AuthService.MoveNext[0] - No users found to retrieve.
2024-06-13 17:48:10,995 [28] DEBUG Order_management.Service.AuthService.MoveNext[0] - No users found to retrieve.
2024-06-13 17:48:17,192 [26] INFO Order_management.Service.Order.MoveNext[0] - Retrieved all items.
2024-06-13 17:50:04,719 [25] INFO Order_management.Service.AuthService.MoveNext[0] - New user with user maria added.
2024-06-13 18:22:53,784 [24] INFO Order_management.Service.AuthService.MoveNext[0] - New user with user gigi added.
2024-06-13 18:26:52,353 [10] DEBUG Order_management.Service.AuthService.MoveNext[0] - Unable to authenticate user for resetting password.
2024-06-13 18:27:15,387 [35] DEBUG Order_management.Service.AuthService.MoveNext[0] - Password reset for user Gigi.
2024-06-13 18:27:27,490 [35] DEBUG Order_management.Service.AuthService.MoveNext[0] - Unable to authenticate user for resetting password.
2024-06-13 18:27:34,673 [9] DEBUG Order_management.Service.AuthService.MoveNext[0] - Password reset for user Gigi.
2024-06-13 18:27:59,176 [10] DEBUG Order_management.Service.AuthService.MoveNext[0] - Login failed! Username or password is invalid.
2024-06-13 18:28:13,562 [10] INFO Order_management.Service.AuthService.MoveNext[0] - User Gigi logged in.
2024-06-13 18:28:20,643 [35] INFO Order_management.Service.Order.MoveNext[0] - Retrieved all items.
2024-06-13 18:28:31,361 [35] INFO Order_management.Service.Order.MoveNext[0] - Retrieved item with ID 2.
2024-06-13 18:31:11,198 [10] INFO Order_management.Service.Order.MoveNext[0] - Retrieved item with ID 2.
2024-06-13 18:31:19,292 [44] INFO Order_management.Service.Order.MoveNext[0] - Retrieved item with ID 1.
2024-06-13 18:31:26,211 [10] DEBUG Order_management.Service.Order.MoveNext[0] - Item cannot be retrieved.
2024-06-13 18:32:34,550 [46] DEBUG Order_management.Service.Order.MoveNext[0] - Item cannot be retrieved.
2024-06-13 18:48:25,515 [1] INFO Program.<Main>$[9] - Application started.
2024-06-13 18:49:05,469 [7] DEBUG Order_management.Service.Order.MoveNext[38] - Item cannot be retrieved.
2024-06-13 18:50:07,886 [5] DEBUG Order_management.Service.AuthService.MoveNext[62] - Login failed! Username or password is invalid.
2024-06-13 19:01:39,582 [1] INFO Program.<Main>$[9] - Application started.
2024-06-13 19:02:14,779 [7] DEBUG Order_management.Service.AuthService.MoveNext[62] - Login failed! Username or password is invalid.
2024-06-14 10:53:19,179 [1] INFO Program.<Main>$[9] - Application started.
2024-06-14 11:58:51,988 [9] DEBUG Order_management.Service.AuthService.MoveNext[57] - Login failed! Username or password is invalid.
2024-06-14 11:59:30,386 [9] INFO Order_management.Service.AuthService.MoveNext[60] - User maria logged in.
2024-06-14 12:00:12,351 [31] DEBUG Order_management.Service.AuthService.MoveNext[70] - Unable to authenticate user for resetting password.
2024-06-14 12:00:29,803 [31] DEBUG Order_management.Service.AuthService.MoveNext[75] - Password reset for user Gigi.
2024-06-14 12:00:38,104 [24] DEBUG Order_management.Service.AuthService.MoveNext[75] - Password reset for user Gigi.
2024-06-14 12:01:39,590 [9] INFO Order_management.Service.Order.MoveNext[29] - Retrieved all items.
2024-06-14 12:01:50,178 [23] DEBUG Order_management.Service.Order.MoveNext[38] - Item cannot be retrieved.
2024-06-14 15:14:08,839 [1] INFO Program.<Main>$[9] - Application started.
2024-06-14 15:26:39,601 [5] INFO Order_management.Service.AuthService.MoveNext[0] - User maria logged in.
2024-06-14 16:12:10,714 [15] INFO Order_management.Service.AuthService.MoveNext[0] - User maria logged in.
2024-06-14 16:14:41,134 [1] INFO Program.<Main>$[9] - Application started.
2024-06-14 16:45:45,726 [23] INFO Order_management.Service.AuthService.MoveNext[47] - New user with user Yadu added.
2024-06-14 16:47:58,753 [17] DEBUG Order_management.Service.AuthService.MoveNext[57] - Login failed! Username or password is invalid.
2024-06-14 16:48:23,153 [26] INFO Order_management.Service.AuthService.MoveNext[60] - User maria logged in.
2024-06-14 16:48:58,320 [26] DEBUG Order_management.Service.AuthService.MoveNext[75] - Password reset for user maria.
2024-06-17 18:32:33,090 [1] INFO Program.<Main>$[11] - Application started.
2024-06-17 18:42:03,073 [1] INFO Program.<Main>$[13] - Application started.
2024-06-17 18:43:48,924 [17] DEBUG Order_management.Service.AuthService.MoveNext[61] - Login failed! Username or password is invalid.
2024-06-17 18:45:05,274 [3] INFO Order_management.Service.AuthService.MoveNext[64] - User Yadu logged in.
2024-06-17 18:45:53,057 [24] INFO Order_management.Service.AuthService.MoveNext[64] - User Yadu logged in.
2024-06-18 10:49:38,955 [1] INFO Program.<Main>$[13] - Application started.
2024-06-18 10:51:25,093 [14] INFO Order_management.Service.AuthService.MoveNext[64] - User Yadu logged in.
2024-06-18 10:56:37,720 [1] INFO Program.<Main>$[13] - Application started.
2024-06-18 10:57:22,756 [5] INFO Order_management.Service.AuthService.MoveNext[64] - User Yadu logged in.
2024-06-18 11:03:22,740 [25] INFO Order_management.Service.AuthService.MoveNext[0] - User Yadu logged in.
2024-06-18 11:14:12,831 [1] INFO Program.<Main>$[13] - Application started.
2024-06-18 11:14:54,130 [5] INFO Order_management.Service.AuthService.MoveNext[65] - User Yadu logged in.
2024-06-18 11:33:50,359 [14] INFO Order_management.Service.AuthService.MoveNext[65] - User Yadu logged in.
2024-06-18 11:34:22,287 [3] INFO Order_management.Service.Order.MoveNext[29] - Retrieved all items.
2024-06-18 14:05:17,329 [1] INFO Program.<Main>$[13] - Application started.
2024-06-19 15:45:02,490 [1] INFO Program.<Main>$[13] - Application started.
2024-06-19 15:47:00,660 [4] INFO Order_management.Service.AuthService.MoveNext[66] - User Yadu logged in.
2024-06-19 15:48:25,668 [7] INFO Order_management.Service.Order.MoveNext[82] - Retrieved all items.
2024-06-19 15:50:38,525 [13] INFO Order_management.Service.Order.MoveNext[82] - Retrieved all items.
2024-06-19 16:22:56,616 [1] INFO Program.<Main>$[13] - Application started.
2024-06-19 16:24:13,483 [5] INFO Order_management.Service.AuthService.MoveNext[66] - User Yadu logged in.
2024-06-19 16:25:11,826 [5] INFO Order_management.Service.Order.MoveNext[70] - Retrieved all items.
2024-06-19 16:27:04,460 [23] INFO Order_management.Service.AuthService.MoveNext[0] - User Yadu logged in.
2024-06-19 16:28:23,144 [23] INFO Order_management.Service.AuthService.MoveNext[0] - User Yadu logged in.
2024-06-19 16:48:08,508 [1] INFO Program.<Main>$[13] - Application started.
2024-06-19 16:48:34,449 [5] INFO Order_management.Service.Order.MoveNext[72] - Retrieved all items.
2024-06-19 17:12:57,511 [1] INFO Program.<Main>$[13] - Application started.
2024-06-19 17:13:24,710 [9] INFO Order_management.Service.Order.MoveNext[72] - Retrieved all items.
2024-06-20 10:38:15,767 [1] INFO Program.<Main>$[13] - Application started.
2024-06-20 11:06:32,327 [1] INFO Program.<Main>$[13] - Application started.
2024-06-20 11:09:32,867 [5] INFO Order_management.Service.AuthService.MoveNext[66] - User Yadu logged in.
2024-06-20 11:10:09,129 [5] INFO Order_management.Service.Order.MoveNext[74] - Retrieved all items.
2024-06-20 11:10:28,092 [20] INFO Order_management.Service.Order.MoveNext[64] - Added all items in bulk to database.
2024-06-20 11:10:31,063 [5] INFO Order_management.Service.Order.MoveNext[74] - Retrieved all items.
2024-06-20 12:01:04,649 [1] INFO Program.<Main>$[13] - Application started.
2024-06-20 12:04:15,453 [1] INFO Program.<Main>$[13] - Application started.
2024-06-20 12:32:40,095 [1] INFO Program.<Main>$[13] - Application started.
2024-06-20 12:33:40,658 [7] INFO Order_management.Service.Order.MoveNext[111] - Added all items in bulk to database.
2024-06-20 12:33:50,291 [7] DEBUG Order_management.Service.Order.MoveNext[64] - CSV header does not match the expected format, Bulk Upload failed
2024-06-20 12:34:01,988 [17] INFO Order_management.Service.Order.MoveNext[111] - Added all items in bulk to database.
2024-06-20 12:34:16,329 [5] DEBUG Order_management.Service.Order.MoveNext[78] - CSV contains empty or null fields, Bulk Upload failed
2024-06-20 12:34:42,434 [7] INFO Order_management.Service.Order.MoveNext[121] - Retrieved all items.
2024-06-20 12:35:18,278 [5] INFO Order_management.Service.Order.MoveNext[111] - Added all items in bulk to database.
2024-06-20 12:35:22,804 [3] INFO Order_management.Service.Order.MoveNext[121] - Retrieved all items.
2024-06-20 12:36:46,365 [1] INFO Program.<Main>$[13] - Application started.
2024-06-20 12:37:37,846 [1] INFO Program.<Main>$[13] - Application started.
2024-06-20 12:37:53,727 [7] INFO Order_management.Service.Order.MoveNext[111] - Added all items in bulk to database.
2024-06-20 12:37:59,210 [5] INFO Order_management.Service.Order.MoveNext[121] - Retrieved all items.
2024-06-20 13:21:11,434 [1] INFO Program.<Main>$[13] - Application started.
2024-06-20 13:21:35,595 [9] INFO Order_management.Service.Order.MoveNext[100] - Added all items in bulk from bulk1.csvto database.
2024-06-20 13:21:39,847 [10] INFO Order_management.Service.Order.MoveNext[110] - Retrieved all items.
2024-06-20 15:51:51,134 [1] INFO Program.<Main>$[13] - Application started.
2024-06-20 15:52:13,403 [5] INFO Order_management.Service.Order.MoveNext[121] - Retrieved all items.
2024-06-20 15:52:57,211 [19] DEBUG Order_management.Service.Order.MoveNext[78] - CSV contains empty or null fields, Bulk Upload failed
2024-06-20 15:53:03,112 [5] INFO Order_management.Service.Order.MoveNext[121] - Retrieved all items.
